<?xml version="1.0" encoding="UTF-8"?>
<!-- Generated by org.testng.reporters.JUnitXMLReporter -->
<testsuite ignored="0" hostname="DESKTOP-1SAT413" failures="0" tests="3" name="Default test" time="6.68" errors="0" timestamp="2023-12-24T19:49:27 IST">
  <testcase classname="com.automation.selenium_docker.vendorPortalApp.VendorPortalTest" name="loginTest" time="0.932"/>
  <testcase classname="com.automation.selenium_docker.vendorPortalApp.VendorPortalTest" name="dashBoardTest" time="2.448"/>
  <testcase classname="com.automation.selenium_docker.vendorPortalApp.VendorPortalTest" name="logoutTest" time="0.948"/>
</testsuite> <!-- Default test -->
